<?xml version="1.0" encoding="UTF-8"?>
<coverage generated="1695822967853" clover="3.2.0">
  <project timestamp="1695822967853" name="All files">
    <metrics statements="146" coveredstatements="11" conditionals="42" coveredconditionals="1" methods="63" coveredmethods="3" elements="251" coveredelements="15" complexity="0" loc="146" ncloc="146" packages="13" files="28" classes="28"/>
    <package name="src">
      <metrics statements="11" coveredstatements="0" conditionals="4" coveredconditionals="0" methods="3" coveredmethods="0"/>
      <file name="App.jsx" path="/Users/ariesyukron/programming-mentor/alterra/react-a-batch-5/react-unit-testing/src/App.jsx">
        <metrics statements="1" coveredstatements="0" conditionals="0" coveredconditionals="0" methods="1" coveredmethods="0"/>
        <line num="4" count="0" type="stmt"/>
      </file>
      <file name="index.js" path="/Users/ariesyukron/programming-mentor/alterra/react-a-batch-5/react-unit-testing/src/index.js">
        <metrics statements="2" coveredstatements="0" conditionals="0" coveredconditionals="0" methods="0" coveredmethods="0"/>
        <line num="10" count="0" type="stmt"/>
        <line num="11" count="0" type="stmt"/>
      </file>
      <file name="reportWebVitals.js" path="/Users/ariesyukron/programming-mentor/alterra/react-a-batch-5/react-unit-testing/src/reportWebVitals.js">
        <metrics statements="8" coveredstatements="0" conditionals="4" coveredconditionals="0" methods="2" coveredmethods="0"/>
        <line num="1" count="0" type="stmt"/>
        <line num="2" count="0" type="cond" truecount="0" falsecount="4"/>
        <line num="3" count="0" type="stmt"/>
        <line num="4" count="0" type="stmt"/>
        <line num="5" count="0" type="stmt"/>
        <line num="6" count="0" type="stmt"/>
        <line num="7" count="0" type="stmt"/>
        <line num="8" count="0" type="stmt"/>
      </file>
    </package>
    <package name="src.components">
      <metrics statements="2" coveredstatements="0" conditionals="0" coveredconditionals="0" methods="2" coveredmethods="0"/>
      <file name="gallery.jsx" path="/Users/ariesyukron/programming-mentor/alterra/react-a-batch-5/react-unit-testing/src/components/gallery.jsx">
        <metrics statements="2" coveredstatements="0" conditionals="0" coveredconditionals="0" methods="2" coveredmethods="0"/>
        <line num="2" count="0" type="stmt"/>
        <line num="6" count="0" type="stmt"/>
      </file>
      <file name="index.js" path="/Users/ariesyukron/programming-mentor/alterra/react-a-batch-5/react-unit-testing/src/components/index.js">
        <metrics statements="0" coveredstatements="0" conditionals="0" coveredconditionals="0" methods="0" coveredmethods="0"/>
      </file>
      <file name="profile.jsx" path="/Users/ariesyukron/programming-mentor/alterra/react-a-batch-5/react-unit-testing/src/components/profile.jsx">
        <metrics statements="0" coveredstatements="0" conditionals="0" coveredconditionals="0" methods="0" coveredmethods="0"/>
      </file>
    </package>
    <package name="src.components.cart">
      <metrics statements="10" coveredstatements="0" conditionals="4" coveredconditionals="0" methods="4" coveredmethods="0"/>
      <file name="cart.jsx" path="/Users/ariesyukron/programming-mentor/alterra/react-a-batch-5/react-unit-testing/src/components/cart/cart.jsx">
        <metrics statements="10" coveredstatements="0" conditionals="4" coveredconditionals="0" methods="4" coveredmethods="0"/>
        <line num="10" count="0" type="stmt"/>
        <line num="11" count="0" type="stmt"/>
        <line num="12" count="0" type="stmt"/>
        <line num="15" count="0" type="stmt"/>
        <line num="18" count="0" type="stmt"/>
        <line num="19" count="0" type="stmt"/>
        <line num="20" count="0" type="stmt"/>
        <line num="21" count="0" type="stmt"/>
        <line num="24" count="0" type="stmt"/>
        <line num="37" count="0" type="stmt"/>
      </file>
      <file name="index.js" path="/Users/ariesyukron/programming-mentor/alterra/react-a-batch-5/react-unit-testing/src/components/cart/index.js">
        <metrics statements="0" coveredstatements="0" conditionals="0" coveredconditionals="0" methods="0" coveredmethods="0"/>
      </file>
    </package>
    <package name="src.components.layout">
      <metrics statements="20" coveredstatements="0" conditionals="6" coveredconditionals="0" methods="9" coveredmethods="0"/>
      <file name="index.js" path="/Users/ariesyukron/programming-mentor/alterra/react-a-batch-5/react-unit-testing/src/components/layout/index.js">
        <metrics statements="0" coveredstatements="0" conditionals="0" coveredconditionals="0" methods="0" coveredmethods="0"/>
      </file>
      <file name="layout.jsx" path="/Users/ariesyukron/programming-mentor/alterra/react-a-batch-5/react-unit-testing/src/components/layout/layout.jsx">
        <metrics statements="20" coveredstatements="0" conditionals="6" coveredconditionals="0" methods="9" coveredmethods="0"/>
        <line num="8" count="0" type="stmt"/>
        <line num="22" count="0" type="stmt"/>
        <line num="25" count="0" type="stmt"/>
        <line num="26" count="0" type="stmt"/>
        <line num="27" count="0" type="stmt"/>
        <line num="31" count="0" type="stmt"/>
        <line num="33" count="0" type="stmt"/>
        <line num="46" count="0" type="stmt"/>
        <line num="47" count="0" type="stmt"/>
        <line num="49" count="0" type="stmt"/>
        <line num="51" count="0" type="stmt"/>
        <line num="54" count="0" type="stmt"/>
        <line num="64" count="0" type="stmt"/>
        <line num="72" count="0" type="stmt"/>
        <line num="74" count="0" type="stmt"/>
        <line num="75" count="0" type="stmt"/>
        <line num="76" count="0" type="cond" truecount="0" falsecount="2"/>
        <line num="77" count="0" type="stmt"/>
        <line num="79" count="0" type="stmt"/>
        <line num="83" count="0" type="stmt"/>
      </file>
    </package>
    <package name="src.components.task">
      <metrics statements="15" coveredstatements="7" conditionals="2" coveredconditionals="1" methods="11" coveredmethods="3"/>
      <file name="add-task.jsx" path="/Users/ariesyukron/programming-mentor/alterra/react-a-batch-5/react-unit-testing/src/components/task/add-task.jsx">
        <metrics statements="5" coveredstatements="0" conditionals="0" coveredconditionals="0" methods="3" coveredmethods="0"/>
        <line num="6" count="0" type="stmt"/>
        <line num="9" count="0" type="stmt"/>
        <line num="14" count="0" type="stmt"/>
        <line num="18" count="0" type="stmt"/>
        <line num="28" count="0" type="stmt"/>
      </file>
      <file name="task-list.jsx" path="/Users/ariesyukron/programming-mentor/alterra/react-a-batch-5/react-unit-testing/src/components/task/task-list.jsx">
        <metrics statements="10" coveredstatements="7" conditionals="2" coveredconditionals="1" methods="8" coveredmethods="3"/>
        <line num="7" count="2" type="stmt"/>
        <line num="13" count="2" type="stmt"/>
        <line num="16" count="6" type="stmt"/>
        <line num="25" count="6" type="stmt"/>
        <line num="29" count="6" type="cond" truecount="1" falsecount="1"/>
        <line num="30" count="0" type="stmt"/>
        <line num="43" count="0" type="stmt"/>
        <line num="47" count="6" type="stmt"/>
        <line num="50" count="0" type="stmt"/>
        <line num="54" count="6" type="stmt"/>
      </file>
    </package>
    <package name="src.constants">
      <metrics statements="1" coveredstatements="0" conditionals="0" coveredconditionals="0" methods="0" coveredmethods="0"/>
      <file name="sculptureList.js" path="/Users/ariesyukron/programming-mentor/alterra/react-a-batch-5/react-unit-testing/src/constants/sculptureList.js">
        <metrics statements="1" coveredstatements="0" conditionals="0" coveredconditionals="0" methods="0" coveredmethods="0"/>
        <line num="1" count="0" type="stmt"/>
      </file>
    </package>
    <package name="src.pages">
      <metrics statements="31" coveredstatements="0" conditionals="6" coveredconditionals="0" methods="14" coveredmethods="0"/>
      <file name="Unauthorized.jsx" path="/Users/ariesyukron/programming-mentor/alterra/react-a-batch-5/react-unit-testing/src/pages/Unauthorized.jsx">
        <metrics statements="1" coveredstatements="0" conditionals="0" coveredconditionals="0" methods="1" coveredmethods="0"/>
        <line num="5" count="0" type="stmt"/>
      </file>
      <file name="contact-us-page.jsx" path="/Users/ariesyukron/programming-mentor/alterra/react-a-batch-5/react-unit-testing/src/pages/contact-us-page.jsx">
        <metrics statements="1" coveredstatements="0" conditionals="0" coveredconditionals="0" methods="1" coveredmethods="0"/>
        <line num="5" count="0" type="stmt"/>
      </file>
      <file name="home-page.jsx" path="/Users/ariesyukron/programming-mentor/alterra/react-a-batch-5/react-unit-testing/src/pages/home-page.jsx">
        <metrics statements="8" coveredstatements="0" conditionals="2" coveredconditionals="0" methods="5" coveredmethods="0"/>
        <line num="8" count="0" type="stmt"/>
        <line num="9" count="0" type="stmt"/>
        <line num="11" count="0" type="stmt"/>
        <line num="12" count="0" type="stmt"/>
        <line num="13" count="0" type="stmt"/>
        <line num="17" count="0" type="stmt"/>
        <line num="22" count="0" type="stmt"/>
        <line num="29" count="0" type="stmt"/>
      </file>
      <file name="login-page.jsx" path="/Users/ariesyukron/programming-mentor/alterra/react-a-batch-5/react-unit-testing/src/pages/login-page.jsx">
        <metrics statements="12" coveredstatements="0" conditionals="2" coveredconditionals="0" methods="3" coveredmethods="0"/>
        <line num="6" count="0" type="stmt"/>
        <line num="8" count="0" type="stmt"/>
        <line num="9" count="0" type="stmt"/>
        <line num="10" count="0" type="stmt"/>
        <line num="11" count="0" type="stmt"/>
        <line num="12" count="0" type="stmt"/>
        <line num="20" count="0" type="cond" truecount="0" falsecount="2"/>
        <line num="21" count="0" type="stmt"/>
        <line num="22" count="0" type="stmt"/>
        <line num="23" count="0" type="stmt"/>
        <line num="24" count="0" type="stmt"/>
        <line num="28" count="0" type="stmt"/>
      </file>
      <file name="product-details-page.jsx" path="/Users/ariesyukron/programming-mentor/alterra/react-a-batch-5/react-unit-testing/src/pages/product-details-page.jsx">
        <metrics statements="8" coveredstatements="0" conditionals="2" coveredconditionals="0" methods="3" coveredmethods="0"/>
        <line num="5" count="0" type="stmt"/>
        <line num="6" count="0" type="stmt"/>
        <line num="7" count="0" type="stmt"/>
        <line num="9" count="0" type="stmt"/>
        <line num="11" count="0" type="stmt"/>
        <line num="12" count="0" type="stmt"/>
        <line num="13" count="0" type="stmt"/>
        <line num="17" count="0" type="stmt"/>
      </file>
      <file name="task-page.jsx" path="/Users/ariesyukron/programming-mentor/alterra/react-a-batch-5/react-unit-testing/src/pages/task-page.jsx">
        <metrics statements="1" coveredstatements="0" conditionals="0" coveredconditionals="0" methods="1" coveredmethods="0"/>
        <line num="6" count="0" type="stmt"/>
      </file>
    </package>
    <package name="src.routers">
      <metrics statements="6" coveredstatements="0" conditionals="4" coveredconditionals="0" methods="3" coveredmethods="0"/>
      <file name="index.jsx" path="/Users/ariesyukron/programming-mentor/alterra/react-a-batch-5/react-unit-testing/src/routers/index.jsx">
        <metrics statements="1" coveredstatements="0" conditionals="0" coveredconditionals="0" methods="1" coveredmethods="0"/>
        <line num="12" count="0" type="stmt"/>
      </file>
      <file name="private-route.jsx" path="/Users/ariesyukron/programming-mentor/alterra/react-a-batch-5/react-unit-testing/src/routers/private-route.jsx">
        <metrics statements="3" coveredstatements="0" conditionals="2" coveredconditionals="0" methods="1" coveredmethods="0"/>
        <line num="8" count="0" type="cond" truecount="0" falsecount="2"/>
        <line num="9" count="0" type="stmt"/>
        <line num="15" count="0" type="stmt"/>
      </file>
      <file name="protected-route.jsx" path="/Users/ariesyukron/programming-mentor/alterra/react-a-batch-5/react-unit-testing/src/routers/protected-route.jsx">
        <metrics statements="2" coveredstatements="0" conditionals="2" coveredconditionals="0" methods="1" coveredmethods="0"/>
        <line num="6" count="0" type="cond" truecount="0" falsecount="2"/>
        <line num="7" count="0" type="stmt"/>
      </file>
    </package>
    <package name="src.store">
      <metrics statements="6" coveredstatements="0" conditionals="0" coveredconditionals="0" methods="1" coveredmethods="0"/>
      <file name="index.js" path="/Users/ariesyukron/programming-mentor/alterra/react-a-batch-5/react-unit-testing/src/store/index.js">
        <metrics statements="6" coveredstatements="0" conditionals="0" coveredconditionals="0" methods="1" coveredmethods="0"/>
        <line num="20" count="0" type="stmt"/>
        <line num="26" count="0" type="stmt"/>
        <line num="28" count="0" type="stmt"/>
        <line num="30" count="0" type="stmt"/>
        <line num="33" count="0" type="stmt"/>
        <line num="41" count="0" type="stmt"/>
      </file>
    </package>
    <package name="src.store.cart">
      <metrics statements="6" coveredstatements="0" conditionals="0" coveredconditionals="0" methods="2" coveredmethods="0"/>
      <file name="index.js" path="/Users/ariesyukron/programming-mentor/alterra/react-a-batch-5/react-unit-testing/src/store/cart/index.js">
        <metrics statements="6" coveredstatements="0" conditionals="0" coveredconditionals="0" methods="2" coveredmethods="0"/>
        <line num="3" count="0" type="stmt"/>
        <line num="8" count="0" type="stmt"/>
        <line num="13" count="0" type="stmt"/>
        <line num="14" count="0" type="stmt"/>
        <line num="19" count="0" type="stmt"/>
        <line num="21" count="0" type="stmt"/>
      </file>
    </package>
    <package name="src.store.tasks">
      <metrics statements="22" coveredstatements="4" conditionals="12" coveredconditionals="0" methods="7" coveredmethods="0"/>
      <file name="index.js" path="/Users/ariesyukron/programming-mentor/alterra/react-a-batch-5/react-unit-testing/src/store/tasks/index.js">
        <metrics statements="22" coveredstatements="4" conditionals="12" coveredconditionals="0" methods="7" coveredmethods="0"/>
        <line num="3" count="1" type="stmt"/>
        <line num="9" count="1" type="stmt"/>
        <line num="14" count="0" type="stmt"/>
        <line num="15" count="0" type="stmt"/>
        <line num="20" count="0" type="stmt"/>
        <line num="23" count="0" type="stmt"/>
        <line num="24" count="0" type="cond" truecount="0" falsecount="4"/>
        <line num="25" count="0" type="stmt"/>
        <line num="26" count="0" type="cond" truecount="0" falsecount="2"/>
        <line num="27" count="0" type="stmt"/>
        <line num="29" count="0" type="stmt"/>
        <line num="33" count="0" type="cond" truecount="0" falsecount="2"/>
        <line num="34" count="0" type="cond" truecount="0" falsecount="2"/>
        <line num="35" count="0" type="stmt"/>
        <line num="36" count="0" type="cond" truecount="0" falsecount="2"/>
        <line num="37" count="0" type="stmt"/>
        <line num="39" count="0" type="stmt"/>
        <line num="44" count="0" type="stmt"/>
        <line num="45" count="0" type="stmt"/>
        <line num="46" count="0" type="stmt"/>
        <line num="51" count="1" type="stmt"/>
        <line num="53" count="1" type="stmt"/>
      </file>
    </package>
    <package name="src.store.theme">
      <metrics statements="6" coveredstatements="0" conditionals="2" coveredconditionals="0" methods="3" coveredmethods="0"/>
      <file name="index.js" path="/Users/ariesyukron/programming-mentor/alterra/react-a-batch-5/react-unit-testing/src/store/theme/index.js">
        <metrics statements="6" coveredstatements="0" conditionals="2" coveredconditionals="0" methods="3" coveredmethods="0"/>
        <line num="3" count="0" type="stmt"/>
        <line num="8" count="0" type="stmt"/>
        <line num="10" count="0" type="stmt"/>
        <line num="15" count="0" type="cond" truecount="0" falsecount="2"/>
        <line num="20" count="0" type="stmt"/>
        <line num="22" count="0" type="stmt"/>
      </file>
    </package>
    <package name="src.utils">
      <metrics statements="10" coveredstatements="0" conditionals="2" coveredconditionals="0" methods="4" coveredmethods="0"/>
      <file name="auth.js" path="/Users/ariesyukron/programming-mentor/alterra/react-a-batch-5/react-unit-testing/src/utils/auth.js">
        <metrics statements="5" coveredstatements="0" conditionals="0" coveredconditionals="0" methods="3" coveredmethods="0"/>
        <line num="3" count="0" type="stmt"/>
        <line num="5" count="0" type="stmt"/>
        <line num="8" count="0" type="stmt"/>
        <line num="11" count="0" type="stmt"/>
        <line num="12" count="0" type="stmt"/>
      </file>
      <file name="convertUTCtoLocalDate.js" path="/Users/ariesyukron/programming-mentor/alterra/react-a-batch-5/react-unit-testing/src/utils/convertUTCtoLocalDate.js">
        <metrics statements="5" coveredstatements="0" conditionals="2" coveredconditionals="0" methods="1" coveredmethods="0"/>
        <line num="2" count="0" type="cond" truecount="0" falsecount="2"/>
        <line num="3" count="0" type="stmt"/>
        <line num="5" count="0" type="stmt"/>
        <line num="15" count="0" type="stmt"/>
        <line num="18" count="0" type="stmt"/>
      </file>
    </package>
  </project>
</coverage>
