{"/Users/ariesyukron/programming-mentor/alterra/react-a-batch-5/react-unit-testing/src/App.jsx": {"path":"/Users/ariesyukron/programming-mentor/alterra/react-a-batch-5/react-unit-testing/src/App.jsx","statementMap":{"0":{"start":{"line":4,"column":1},"end":{"line":4,"column":20}}},"fnMap":{"0":{"name":"App","decl":{"start":{"line":3,"column":9},"end":{"line":3,"column":12}},"loc":{"start":{"line":3,"column":15},"end":{"line":5,"column":1}},"line":3}},"branchMap":{},"s":{"0":0},"f":{"0":0},"b":{}}
,"/Users/ariesyukron/programming-mentor/alterra/react-a-batch-5/react-unit-testing/src/index.js": {"path":"/Users/ariesyukron/programming-mentor/alterra/react-a-batch-5/react-unit-testing/src/index.js","statementMap":{"0":{"start":{"line":10,"column":13},"end":{"line":10,"column":65}},"1":{"start":{"line":11,"column":0},"end":{"line":21,"column":2}}},"fnMap":{},"branchMap":{},"s":{"0":0,"1":0},"f":{},"b":{}}
,"/Users/ariesyukron/programming-mentor/alterra/react-a-batch-5/react-unit-testing/src/reportWebVitals.js": {"path":"/Users/ariesyukron/programming-mentor/alterra/react-a-batch-5/react-unit-testing/src/reportWebVitals.js","statementMap":{"0":{"start":{"line":1,"column":24},"end":{"line":11,"column":1}},"1":{"start":{"line":2,"column":2},"end":{"line":10,"column":3}},"2":{"start":{"line":3,"column":4},"end":{"line":9,"column":7}},"3":{"start":{"line":4,"column":6},"end":{"line":4,"column":26}},"4":{"start":{"line":5,"column":6},"end":{"line":5,"column":26}},"5":{"start":{"line":6,"column":6},"end":{"line":6,"column":26}},"6":{"start":{"line":7,"column":6},"end":{"line":7,"column":26}},"7":{"start":{"line":8,"column":6},"end":{"line":8,"column":27}}},"fnMap":{"0":{"name":"(anonymous_0)","decl":{"start":{"line":1,"column":24},"end":{"line":1,"column":25}},"loc":{"start":{"line":1,"column":39},"end":{"line":11,"column":1}},"line":1},"1":{"name":"(anonymous_1)","decl":{"start":{"line":3,"column":30},"end":{"line":3,"column":31}},"loc":{"start":{"line":3,"column":79},"end":{"line":9,"column":5}},"line":3}},"branchMap":{"0":{"loc":{"start":{"line":2,"column":2},"end":{"line":10,"column":3}},"type":"if","locations":[{"start":{"line":2,"column":2},"end":{"line":10,"column":3}},{"start":{},"end":{}}],"line":2},"1":{"loc":{"start":{"line":2,"column":6},"end":{"line":2,"column":52}},"type":"binary-expr","locations":[{"start":{"line":2,"column":6},"end":{"line":2,"column":17}},{"start":{"line":2,"column":21},"end":{"line":2,"column":52}}],"line":2}},"s":{"0":0,"1":0,"2":0,"3":0,"4":0,"5":0,"6":0,"7":0},"f":{"0":0,"1":0},"b":{"0":[0,0],"1":[0,0]}}
,"/Users/ariesyukron/programming-mentor/alterra/react-a-batch-5/react-unit-testing/src/components/gallery.jsx": {"path":"/Users/ariesyukron/programming-mentor/alterra/react-a-batch-5/react-unit-testing/src/components/gallery.jsx","statementMap":{"0":{"start":{"line":2,"column":1},"end":{"line":2,"column":79}},"1":{"start":{"line":6,"column":1},"end":{"line":13,"column":3}}},"fnMap":{"0":{"name":"Profile","decl":{"start":{"line":1,"column":16},"end":{"line":1,"column":23}},"loc":{"start":{"line":1,"column":26},"end":{"line":3,"column":1}},"line":1},"1":{"name":"Gallery","decl":{"start":{"line":5,"column":24},"end":{"line":5,"column":31}},"loc":{"start":{"line":5,"column":34},"end":{"line":14,"column":1}},"line":5}},"branchMap":{},"s":{"0":0,"1":0},"f":{"0":0,"1":0},"b":{}}
,"/Users/ariesyukron/programming-mentor/alterra/react-a-batch-5/react-unit-testing/src/components/index.js": {"path":"/Users/ariesyukron/programming-mentor/alterra/react-a-batch-5/react-unit-testing/src/components/index.js","statementMap":{},"fnMap":{},"branchMap":{},"s":{},"f":{},"b":{}}
,"/Users/ariesyukron/programming-mentor/alterra/react-a-batch-5/react-unit-testing/src/components/profile.jsx": {"path":"/Users/ariesyukron/programming-mentor/alterra/react-a-batch-5/react-unit-testing/src/components/profile.jsx","statementMap":{},"fnMap":{},"branchMap":{},"s":{},"f":{},"b":{}}
,"/Users/ariesyukron/programming-mentor/alterra/react-a-batch-5/react-unit-testing/src/components/cart/cart.jsx": {"path":"/Users/ariesyukron/programming-mentor/alterra/react-a-batch-5/react-unit-testing/src/components/cart/cart.jsx","statementMap":{"0":{"start":{"line":10,"column":33},"end":{"line":10,"column":48}},"1":{"start":{"line":11,"column":18},"end":{"line":11,"column":42}},"2":{"start":{"line":12,"column":43},"end":{"line":12,"column":66}},"3":{"start":{"line":15,"column":2},"end":{"line":15,"column":25}},"4":{"start":{"line":18,"column":1},"end":{"line":22,"column":8}},"5":{"start":{"line":19,"column":22},"end":{"line":19,"column":70}},"6":{"start":{"line":20,"column":15},"end":{"line":20,"column":43}},"7":{"start":{"line":21,"column":2},"end":{"line":21,"column":24}},"8":{"start":{"line":24,"column":1},"end":{"line":47,"column":3}},"9":{"start":{"line":37,"column":6},"end":{"line":42,"column":12}}},"fnMap":{"0":{"name":"Cart","decl":{"start":{"line":9,"column":24},"end":{"line":9,"column":28}},"loc":{"start":{"line":9,"column":31},"end":{"line":48,"column":1}},"line":9},"1":{"name":"handleMouseEnterAndLeave","decl":{"start":{"line":14,"column":10},"end":{"line":14,"column":34}},"loc":{"start":{"line":14,"column":37},"end":{"line":16,"column":2}},"line":14},"2":{"name":"(anonymous_2)","decl":{"start":{"line":18,"column":11},"end":{"line":18,"column":12}},"loc":{"start":{"line":18,"column":17},"end":{"line":22,"column":2}},"line":18},"3":{"name":"(anonymous_3)","decl":{"start":{"line":36,"column":19},"end":{"line":36,"column":20}},"loc":{"start":{"line":37,"column":6},"end":{"line":42,"column":12}},"line":37}},"branchMap":{"0":{"loc":{"start":{"line":27,"column":5},"end":{"line":31,"column":5}},"type":"cond-expr","locations":[{"start":{"line":28,"column":5},"end":{"line":28,"column":62}},{"start":{"line":30,"column":5},"end":{"line":30,"column":61}}],"line":27},"1":{"loc":{"start":{"line":34,"column":4},"end":{"line":45,"column":4}},"type":"binary-expr","locations":[{"start":{"line":34,"column":4},"end":{"line":34,"column":12}},{"start":{"line":35,"column":4},"end":{"line":44,"column":10}}],"line":34}},"s":{"0":0,"1":0,"2":0,"3":0,"4":0,"5":0,"6":0,"7":0,"8":0,"9":0},"f":{"0":0,"1":0,"2":0,"3":0},"b":{"0":[0,0],"1":[0,0]}}
,"/Users/ariesyukron/programming-mentor/alterra/react-a-batch-5/react-unit-testing/src/components/cart/index.js": {"path":"/Users/ariesyukron/programming-mentor/alterra/react-a-batch-5/react-unit-testing/src/components/cart/index.js","statementMap":{},"fnMap":{},"branchMap":{},"s":{},"f":{},"b":{}}
,"/Users/ariesyukron/programming-mentor/alterra/react-a-batch-5/react-unit-testing/src/components/layout/index.js": {"path":"/Users/ariesyukron/programming-mentor/alterra/react-a-batch-5/react-unit-testing/src/components/layout/index.js","statementMap":{},"fnMap":{},"branchMap":{},"s":{},"f":{},"b":{}}
,"/Users/ariesyukron/programming-mentor/alterra/react-a-batch-5/react-unit-testing/src/components/layout/layout.jsx": {"path":"/Users/ariesyukron/programming-mentor/alterra/react-a-batch-5/react-unit-testing/src/components/layout/layout.jsx","statementMap":{"0":{"start":{"line":8,"column":20},"end":{"line":19,"column":1}},"1":{"start":{"line":22,"column":18},"end":{"line":22,"column":31}},"2":{"start":{"line":25,"column":2},"end":{"line":25,"column":33}},"3":{"start":{"line":26,"column":2},"end":{"line":28,"column":4}},"4":{"start":{"line":27,"column":3},"end":{"line":27,"column":53}},"5":{"start":{"line":31,"column":14},"end":{"line":31,"column":33}},"6":{"start":{"line":33,"column":1},"end":{"line":42,"column":3}},"7":{"start":{"line":46,"column":18},"end":{"line":46,"column":42}},"8":{"start":{"line":47,"column":18},"end":{"line":47,"column":31}},"9":{"start":{"line":49,"column":1},"end":{"line":60,"column":3}},"10":{"start":{"line":51,"column":26},"end":{"line":51,"column":39}},"11":{"start":{"line":54,"column":19},"end":{"line":54,"column":46}},"12":{"start":{"line":64,"column":1},"end":{"line":68,"column":3}},"13":{"start":{"line":72,"column":18},"end":{"line":72,"column":42}},"14":{"start":{"line":74,"column":1},"end":{"line":81,"column":12}},"15":{"start":{"line":75,"column":18},"end":{"line":75,"column":31}},"16":{"start":{"line":76,"column":2},"end":{"line":80,"column":3}},"17":{"start":{"line":77,"column":3},"end":{"line":77,"column":39}},"18":{"start":{"line":79,"column":3},"end":{"line":79,"column":42}},"19":{"start":{"line":83,"column":1},"end":{"line":89,"column":3}}},"fnMap":{"0":{"name":"Header","decl":{"start":{"line":21,"column":9},"end":{"line":21,"column":15}},"loc":{"start":{"line":21,"column":18},"end":{"line":43,"column":1}},"line":21},"1":{"name":"checkPathLocation","decl":{"start":{"line":24,"column":10},"end":{"line":24,"column":27}},"loc":{"start":{"line":24,"column":30},"end":{"line":29,"column":2}},"line":24},"2":{"name":"(anonymous_2)","decl":{"start":{"line":26,"column":26},"end":{"line":26,"column":27}},"loc":{"start":{"line":27,"column":3},"end":{"line":27,"column":53}},"line":27},"3":{"name":"Navbar","decl":{"start":{"line":45,"column":9},"end":{"line":45,"column":15}},"loc":{"start":{"line":45,"column":18},"end":{"line":61,"column":1}},"line":45},"4":{"name":"(anonymous_4)","decl":{"start":{"line":51,"column":20},"end":{"line":51,"column":21}},"loc":{"start":{"line":51,"column":26},"end":{"line":51,"column":39}},"line":51},"5":{"name":"(anonymous_5)","decl":{"start":{"line":54,"column":13},"end":{"line":54,"column":14}},"loc":{"start":{"line":54,"column":19},"end":{"line":54,"column":46}},"line":54},"6":{"name":"Content","decl":{"start":{"line":63,"column":9},"end":{"line":63,"column":16}},"loc":{"start":{"line":63,"column":19},"end":{"line":69,"column":1}},"line":63},"7":{"name":"Layout","decl":{"start":{"line":71,"column":24},"end":{"line":71,"column":30}},"loc":{"start":{"line":71,"column":33},"end":{"line":90,"column":1}},"line":71},"8":{"name":"(anonymous_8)","decl":{"start":{"line":74,"column":17},"end":{"line":74,"column":18}},"loc":{"start":{"line":74,"column":23},"end":{"line":81,"column":2}},"line":74}},"branchMap":{"0":{"loc":{"start":{"line":35,"column":4},"end":{"line":40,"column":11}},"type":"cond-expr","locations":[{"start":{"line":36,"column":4},"end":{"line":39,"column":7}},{"start":{"line":40,"column":7},"end":{"line":40,"column":11}}],"line":35},"1":{"loc":{"start":{"line":56,"column":5},"end":{"line":56,"column":34}},"type":"cond-expr","locations":[{"start":{"line":56,"column":23},"end":{"line":56,"column":27}},{"start":{"line":56,"column":30},"end":{"line":56,"column":34}}],"line":56},"2":{"loc":{"start":{"line":76,"column":2},"end":{"line":80,"column":3}},"type":"if","locations":[{"start":{"line":76,"column":2},"end":{"line":80,"column":3}},{"start":{"line":78,"column":9},"end":{"line":80,"column":3}}],"line":76}},"s":{"0":0,"1":0,"2":0,"3":0,"4":0,"5":0,"6":0,"7":0,"8":0,"9":0,"10":0,"11":0,"12":0,"13":0,"14":0,"15":0,"16":0,"17":0,"18":0,"19":0},"f":{"0":0,"1":0,"2":0,"3":0,"4":0,"5":0,"6":0,"7":0,"8":0},"b":{"0":[0,0],"1":[0,0],"2":[0,0]}}
,"/Users/ariesyukron/programming-mentor/alterra/react-a-batch-5/react-unit-testing/src/components/task/add-task.jsx": {"path":"/Users/ariesyukron/programming-mentor/alterra/react-a-batch-5/react-unit-testing/src/components/task/add-task.jsx","statementMap":{"0":{"start":{"line":6,"column":25},"end":{"line":6,"column":37}},"1":{"start":{"line":9,"column":1},"end":{"line":25,"column":3}},"2":{"start":{"line":14,"column":21},"end":{"line":14,"column":44}},"3":{"start":{"line":18,"column":5},"end":{"line":18,"column":17}},"4":{"start":{"line":28,"column":13},"end":{"line":28,"column":14}}},"fnMap":{"0":{"name":"AddTask","decl":{"start":{"line":5,"column":24},"end":{"line":5,"column":31}},"loc":{"start":{"line":5,"column":34},"end":{"line":26,"column":1}},"line":5},"1":{"name":"(anonymous_1)","decl":{"start":{"line":14,"column":14},"end":{"line":14,"column":15}},"loc":{"start":{"line":14,"column":21},"end":{"line":14,"column":44}},"line":14},"2":{"name":"(anonymous_2)","decl":{"start":{"line":17,"column":13},"end":{"line":17,"column":14}},"loc":{"start":{"line":17,"column":19},"end":{"line":20,"column":5}},"line":17}},"branchMap":{},"s":{"0":0,"1":0,"2":0,"3":0,"4":0},"f":{"0":0,"1":0,"2":0},"b":{}}
,"/Users/ariesyukron/programming-mentor/alterra/react-a-batch-5/react-unit-testing/src/components/task/task-list.jsx": {"path":"/Users/ariesyukron/programming-mentor/alterra/react-a-batch-5/react-unit-testing/src/components/task/task-list.jsx","statementMap":{"0":{"start":{"line":7,"column":15},"end":{"line":11,"column":2}},"1":{"start":{"line":13,"column":1},"end":{"line":21,"column":3}},"2":{"start":{"line":16,"column":4},"end":{"line":18,"column":9}},"3":{"start":{"line":25,"column":35},"end":{"line":25,"column":50}},"4":{"start":{"line":29,"column":1},"end":{"line":53,"column":2}},"5":{"start":{"line":30,"column":2},"end":{"line":45,"column":4}},"6":{"start":{"line":43,"column":27},"end":{"line":43,"column":46}},"7":{"start":{"line":47,"column":2},"end":{"line":52,"column":4}},"8":{"start":{"line":50,"column":27},"end":{"line":50,"column":45}},"9":{"start":{"line":54,"column":1},"end":{"line":72,"column":3}}},"fnMap":{"0":{"name":"TaskList","decl":{"start":{"line":5,"column":24},"end":{"line":5,"column":32}},"loc":{"start":{"line":5,"column":35},"end":{"line":22,"column":1}},"line":5},"1":{"name":"(anonymous_1)","decl":{"start":{"line":15,"column":14},"end":{"line":15,"column":15}},"loc":{"start":{"line":16,"column":4},"end":{"line":18,"column":9}},"line":16},"2":{"name":"Task","decl":{"start":{"line":24,"column":9},"end":{"line":24,"column":13}},"loc":{"start":{"line":24,"column":24},"end":{"line":73,"column":1}},"line":24},"3":{"name":"(anonymous_3)","decl":{"start":{"line":34,"column":15},"end":{"line":34,"column":16}},"loc":{"start":{"line":34,"column":22},"end":{"line":41,"column":6}},"line":34},"4":{"name":"(anonymous_4)","decl":{"start":{"line":43,"column":21},"end":{"line":43,"column":22}},"loc":{"start":{"line":43,"column":27},"end":{"line":43,"column":46}},"line":43},"5":{"name":"(anonymous_5)","decl":{"start":{"line":50,"column":21},"end":{"line":50,"column":22}},"loc":{"start":{"line":50,"column":27},"end":{"line":50,"column":45}},"line":50},"6":{"name":"(anonymous_6)","decl":{"start":{"line":59,"column":14},"end":{"line":59,"column":15}},"loc":{"start":{"line":59,"column":21},"end":{"line":61,"column":5}},"line":59},"7":{"name":"(anonymous_7)","decl":{"start":{"line":65,"column":13},"end":{"line":65,"column":14}},"loc":{"start":{"line":65,"column":19},"end":{"line":67,"column":5}},"line":65}},"branchMap":{"0":{"loc":{"start":{"line":29,"column":1},"end":{"line":53,"column":2}},"type":"if","locations":[{"start":{"line":29,"column":1},"end":{"line":53,"column":2}},{"start":{"line":46,"column":8},"end":{"line":53,"column":2}}],"line":29}},"s":{"0":2,"1":2,"2":6,"3":6,"4":6,"5":0,"6":0,"7":6,"8":0,"9":6},"f":{"0":2,"1":6,"2":6,"3":0,"4":0,"5":0,"6":0,"7":0},"b":{"0":[0,6]},"_coverageSchema":"1a1c01bbd47fc00a2c39e90264f33305004495a9","hash":"a94c8e70d51124b7dbf55e8771e8e2b063a0bddc"}
,"/Users/ariesyukron/programming-mentor/alterra/react-a-batch-5/react-unit-testing/src/constants/sculptureList.js": {"path":"/Users/ariesyukron/programming-mentor/alterra/react-a-batch-5/react-unit-testing/src/constants/sculptureList.js","statementMap":{"0":{"start":{"line":1,"column":29},"end":{"line":98,"column":1}}},"fnMap":{},"branchMap":{},"s":{"0":0},"f":{},"b":{}}
,"/Users/ariesyukron/programming-mentor/alterra/react-a-batch-5/react-unit-testing/src/pages/Unauthorized.jsx": {"path":"/Users/ariesyukron/programming-mentor/alterra/react-a-batch-5/react-unit-testing/src/pages/Unauthorized.jsx","statementMap":{"0":{"start":{"line":5,"column":1},"end":{"line":11,"column":3}}},"fnMap":{"0":{"name":"Unauthorized","decl":{"start":{"line":4,"column":24},"end":{"line":4,"column":36}},"loc":{"start":{"line":4,"column":39},"end":{"line":12,"column":1}},"line":4}},"branchMap":{},"s":{"0":0},"f":{"0":0},"b":{}}
,"/Users/ariesyukron/programming-mentor/alterra/react-a-batch-5/react-unit-testing/src/pages/contact-us-page.jsx": {"path":"/Users/ariesyukron/programming-mentor/alterra/react-a-batch-5/react-unit-testing/src/pages/contact-us-page.jsx","statementMap":{"0":{"start":{"line":5,"column":1},"end":{"line":10,"column":3}}},"fnMap":{"0":{"name":"ContactUsPage","decl":{"start":{"line":4,"column":24},"end":{"line":4,"column":37}},"loc":{"start":{"line":4,"column":40},"end":{"line":11,"column":1}},"line":4}},"branchMap":{},"s":{"0":0},"f":{"0":0},"b":{}}
,"/Users/ariesyukron/programming-mentor/alterra/react-a-batch-5/react-unit-testing/src/pages/home-page.jsx": {"path":"/Users/ariesyukron/programming-mentor/alterra/react-a-batch-5/react-unit-testing/src/pages/home-page.jsx","statementMap":{"0":{"start":{"line":8,"column":27},"end":{"line":8,"column":37}},"1":{"start":{"line":9,"column":18},"end":{"line":9,"column":31}},"2":{"start":{"line":11,"column":1},"end":{"line":15,"column":8}},"3":{"start":{"line":12,"column":2},"end":{"line":14,"column":19}},"4":{"start":{"line":13,"column":18},"end":{"line":13,"column":28}},"5":{"start":{"line":17,"column":1},"end":{"line":41,"column":3}},"6":{"start":{"line":22,"column":6},"end":{"line":32,"column":12}},"7":{"start":{"line":29,"column":30},"end":{"line":29,"column":58}}},"fnMap":{"0":{"name":"HomePage","decl":{"start":{"line":7,"column":24},"end":{"line":7,"column":32}},"loc":{"start":{"line":7,"column":35},"end":{"line":42,"column":1}},"line":7},"1":{"name":"(anonymous_1)","decl":{"start":{"line":11,"column":11},"end":{"line":11,"column":12}},"loc":{"start":{"line":11,"column":17},"end":{"line":15,"column":2}},"line":11},"2":{"name":"(anonymous_2)","decl":{"start":{"line":13,"column":9},"end":{"line":13,"column":10}},"loc":{"start":{"line":13,"column":18},"end":{"line":13,"column":28}},"line":13},"3":{"name":"(anonymous_3)","decl":{"start":{"line":21,"column":25},"end":{"line":21,"column":26}},"loc":{"start":{"line":22,"column":6},"end":{"line":32,"column":12}},"line":22},"4":{"name":"(anonymous_4)","decl":{"start":{"line":29,"column":24},"end":{"line":29,"column":25}},"loc":{"start":{"line":29,"column":30},"end":{"line":29,"column":58}},"line":29}},"branchMap":{"0":{"loc":{"start":{"line":19,"column":4},"end":{"line":37,"column":4}},"type":"cond-expr","locations":[{"start":{"line":20,"column":4},"end":{"line":34,"column":10}},{"start":{"line":36,"column":4},"end":{"line":36,"column":21}}],"line":19}},"s":{"0":0,"1":0,"2":0,"3":0,"4":0,"5":0,"6":0,"7":0},"f":{"0":0,"1":0,"2":0,"3":0,"4":0},"b":{"0":[0,0]}}
,"/Users/ariesyukron/programming-mentor/alterra/react-a-batch-5/react-unit-testing/src/pages/login-page.jsx": {"path":"/Users/ariesyukron/programming-mentor/alterra/react-a-batch-5/react-unit-testing/src/pages/login-page.jsx","statementMap":{"0":{"start":{"line":6,"column":18},"end":{"line":6,"column":31}},"1":{"start":{"line":8,"column":22},"end":{"line":26,"column":2}},"2":{"start":{"line":9,"column":2},"end":{"line":9,"column":21}},"3":{"start":{"line":10,"column":19},"end":{"line":10,"column":41}},"4":{"start":{"line":11,"column":33},"end":{"line":11,"column":61}},"5":{"start":{"line":12,"column":2},"end":{"line":25,"column":5}},"6":{"start":{"line":20,"column":3},"end":{"line":21,"column":55}},"7":{"start":{"line":21,"column":4},"end":{"line":21,"column":55}},"8":{"start":{"line":22,"column":21},"end":{"line":22,"column":37}},"9":{"start":{"line":23,"column":3},"end":{"line":23,"column":35}},"10":{"start":{"line":24,"column":3},"end":{"line":24,"column":24}},"11":{"start":{"line":28,"column":1},"end":{"line":45,"column":3}}},"fnMap":{"0":{"name":"LoginPage","decl":{"start":{"line":5,"column":24},"end":{"line":5,"column":33}},"loc":{"start":{"line":5,"column":36},"end":{"line":46,"column":1}},"line":5},"1":{"name":"(anonymous_1)","decl":{"start":{"line":8,"column":22},"end":{"line":8,"column":23}},"loc":{"start":{"line":8,"column":29},"end":{"line":26,"column":2}},"line":8},"2":{"name":"(anonymous_2)","decl":{"start":{"line":19,"column":10},"end":{"line":19,"column":11}},"loc":{"start":{"line":19,"column":25},"end":{"line":25,"column":3}},"line":19}},"branchMap":{"0":{"loc":{"start":{"line":20,"column":3},"end":{"line":21,"column":55}},"type":"if","locations":[{"start":{"line":20,"column":3},"end":{"line":21,"column":55}},{"start":{},"end":{}}],"line":20}},"s":{"0":0,"1":0,"2":0,"3":0,"4":0,"5":0,"6":0,"7":0,"8":0,"9":0,"10":0,"11":0},"f":{"0":0,"1":0,"2":0},"b":{"0":[0,0]}}
,"/Users/ariesyukron/programming-mentor/alterra/react-a-batch-5/react-unit-testing/src/pages/product-details-page.jsx": {"path":"/Users/ariesyukron/programming-mentor/alterra/react-a-batch-5/react-unit-testing/src/pages/product-details-page.jsx","statementMap":{"0":{"start":{"line":5,"column":31},"end":{"line":5,"column":41}},"1":{"start":{"line":6,"column":16},"end":{"line":6,"column":27}},"2":{"start":{"line":7,"column":18},"end":{"line":7,"column":31}},"3":{"start":{"line":9,"column":1},"end":{"line":9,"column":23}},"4":{"start":{"line":11,"column":1},"end":{"line":15,"column":10}},"5":{"start":{"line":12,"column":2},"end":{"line":14,"column":21}},"6":{"start":{"line":13,"column":18},"end":{"line":13,"column":28}},"7":{"start":{"line":17,"column":1},"end":{"line":33,"column":3}}},"fnMap":{"0":{"name":"ProductDetailsPage","decl":{"start":{"line":4,"column":24},"end":{"line":4,"column":42}},"loc":{"start":{"line":4,"column":45},"end":{"line":34,"column":1}},"line":4},"1":{"name":"(anonymous_1)","decl":{"start":{"line":11,"column":11},"end":{"line":11,"column":12}},"loc":{"start":{"line":11,"column":17},"end":{"line":15,"column":2}},"line":11},"2":{"name":"(anonymous_2)","decl":{"start":{"line":13,"column":9},"end":{"line":13,"column":10}},"loc":{"start":{"line":13,"column":18},"end":{"line":13,"column":28}},"line":13}},"branchMap":{"0":{"loc":{"start":{"line":19,"column":4},"end":{"line":30,"column":4}},"type":"cond-expr","locations":[{"start":{"line":20,"column":4},"end":{"line":27,"column":10}},{"start":{"line":29,"column":4},"end":{"line":29,"column":20}}],"line":19}},"s":{"0":0,"1":0,"2":0,"3":0,"4":0,"5":0,"6":0,"7":0},"f":{"0":0,"1":0,"2":0},"b":{"0":[0,0]}}
,"/Users/ariesyukron/programming-mentor/alterra/react-a-batch-5/react-unit-testing/src/pages/task-page.jsx": {"path":"/Users/ariesyukron/programming-mentor/alterra/react-a-batch-5/react-unit-testing/src/pages/task-page.jsx","statementMap":{"0":{"start":{"line":6,"column":1},"end":{"line":11,"column":3}}},"fnMap":{"0":{"name":"TaskPage","decl":{"start":{"line":5,"column":24},"end":{"line":5,"column":32}},"loc":{"start":{"line":5,"column":35},"end":{"line":12,"column":1}},"line":5}},"branchMap":{},"s":{"0":0},"f":{"0":0},"b":{}}
,"/Users/ariesyukron/programming-mentor/alterra/react-a-batch-5/react-unit-testing/src/routers/index.jsx": {"path":"/Users/ariesyukron/programming-mentor/alterra/react-a-batch-5/react-unit-testing/src/routers/index.jsx","statementMap":{"0":{"start":{"line":12,"column":1},"end":{"line":24,"column":3}}},"fnMap":{"0":{"name":"Routers","decl":{"start":{"line":11,"column":24},"end":{"line":11,"column":31}},"loc":{"start":{"line":11,"column":34},"end":{"line":25,"column":1}},"line":11}},"branchMap":{},"s":{"0":0},"f":{"0":0},"b":{}}
,"/Users/ariesyukron/programming-mentor/alterra/react-a-batch-5/react-unit-testing/src/routers/private-route.jsx": {"path":"/Users/ariesyukron/programming-mentor/alterra/react-a-batch-5/react-unit-testing/src/routers/private-route.jsx","statementMap":{"0":{"start":{"line":8,"column":1},"end":{"line":13,"column":4}},"1":{"start":{"line":9,"column":2},"end":{"line":13,"column":4}},"2":{"start":{"line":15,"column":1},"end":{"line":15,"column":25}}},"fnMap":{"0":{"name":"PrivateRoute","decl":{"start":{"line":7,"column":24},"end":{"line":7,"column":36}},"loc":{"start":{"line":7,"column":39},"end":{"line":16,"column":1}},"line":7}},"branchMap":{"0":{"loc":{"start":{"line":8,"column":1},"end":{"line":13,"column":4}},"type":"if","locations":[{"start":{"line":8,"column":1},"end":{"line":13,"column":4}},{"start":{},"end":{}}],"line":8}},"s":{"0":0,"1":0,"2":0},"f":{"0":0},"b":{"0":[0,0]}}
,"/Users/ariesyukron/programming-mentor/alterra/react-a-batch-5/react-unit-testing/src/routers/protected-route.jsx": {"path":"/Users/ariesyukron/programming-mentor/alterra/react-a-batch-5/react-unit-testing/src/routers/protected-route.jsx","statementMap":{"0":{"start":{"line":6,"column":1},"end":{"line":6,"column":48}},"1":{"start":{"line":6,"column":30},"end":{"line":6,"column":48}},"2":{"start":{"line":7,"column":1},"end":{"line":7,"column":28}}},"fnMap":{"0":{"name":"ProtectedRoute","decl":{"start":{"line":5,"column":24},"end":{"line":5,"column":38}},"loc":{"start":{"line":5,"column":41},"end":{"line":8,"column":1}},"line":5}},"branchMap":{"0":{"loc":{"start":{"line":6,"column":1},"end":{"line":6,"column":48}},"type":"if","locations":[{"start":{"line":6,"column":1},"end":{"line":6,"column":48}},{"start":{},"end":{}}],"line":6}},"s":{"0":0,"1":0,"2":0},"f":{"0":0},"b":{"0":[0,0]}}
,"/Users/ariesyukron/programming-mentor/alterra/react-a-batch-5/react-unit-testing/src/store/index.js": {"path":"/Users/ariesyukron/programming-mentor/alterra/react-a-batch-5/react-unit-testing/src/store/index.js","statementMap":{"0":{"start":{"line":20,"column":21},"end":{"line":24,"column":2}},"1":{"start":{"line":26,"column":22},"end":{"line":26,"column":66}},"2":{"start":{"line":28,"column":17},"end":{"line":28,"column":60}},"3":{"start":{"line":30,"column":14},"end":{"line":39,"column":2}},"4":{"start":{"line":33,"column":2},"end":{"line":37,"column":5}},"5":{"start":{"line":41,"column":18},"end":{"line":41,"column":37}}},"fnMap":{"0":{"name":"(anonymous_0)","decl":{"start":{"line":32,"column":13},"end":{"line":32,"column":14}},"loc":{"start":{"line":32,"column":39},"end":{"line":38,"column":2}},"line":32}},"branchMap":{},"s":{"0":0,"1":0,"2":0,"3":0,"4":0,"5":0},"f":{"0":0},"b":{}}
,"/Users/ariesyukron/programming-mentor/alterra/react-a-batch-5/react-unit-testing/src/store/cart/index.js": {"path":"/Users/ariesyukron/programming-mentor/alterra/react-a-batch-5/react-unit-testing/src/store/cart/index.js","statementMap":{"0":{"start":{"line":3,"column":21},"end":{"line":6,"column":1}},"1":{"start":{"line":8,"column":18},"end":{"line":17,"column":2}},"2":{"start":{"line":13,"column":3},"end":{"line":13,"column":35}},"3":{"start":{"line":14,"column":3},"end":{"line":14,"column":43}},"4":{"start":{"line":19,"column":26},"end":{"line":19,"column":47}},"5":{"start":{"line":19,"column":37},"end":{"line":19,"column":47}},"6":{"start":{"line":21,"column":29},"end":{"line":21,"column":46}}},"fnMap":{"0":{"name":"(anonymous_0)","decl":{"start":{"line":12,"column":13},"end":{"line":12,"column":14}},"loc":{"start":{"line":12,"column":32},"end":{"line":15,"column":3}},"line":12},"1":{"name":"(anonymous_1)","decl":{"start":{"line":19,"column":26},"end":{"line":19,"column":27}},"loc":{"start":{"line":19,"column":37},"end":{"line":19,"column":47}},"line":19}},"branchMap":{},"s":{"0":0,"1":0,"2":0,"3":0,"4":0,"5":0,"6":0},"f":{"0":0,"1":0},"b":{}}
,"/Users/ariesyukron/programming-mentor/alterra/react-a-batch-5/react-unit-testing/src/store/tasks/index.js": {"path":"/Users/ariesyukron/programming-mentor/alterra/react-a-batch-5/react-unit-testing/src/store/tasks/index.js","statementMap":{"0":{"start":{"line":3,"column":21},"end":{"line":7,"column":1}},"1":{"start":{"line":9,"column":19},"end":{"line":49,"column":2}},"2":{"start":{"line":14,"column":24},"end":{"line":14,"column":31}},"3":{"start":{"line":15,"column":19},"end":{"line":19,"column":4}},"4":{"start":{"line":20,"column":3},"end":{"line":20,"column":23}},"5":{"start":{"line":23,"column":30},"end":{"line":23,"column":37}},"6":{"start":{"line":24,"column":3},"end":{"line":31,"column":4}},"7":{"start":{"line":25,"column":4},"end":{"line":30,"column":7}},"8":{"start":{"line":26,"column":5},"end":{"line":28,"column":6}},"9":{"start":{"line":27,"column":6},"end":{"line":27,"column":23}},"10":{"start":{"line":29,"column":5},"end":{"line":29,"column":17}},"11":{"start":{"line":33,"column":19},"end":{"line":33,"column":69}},"12":{"start":{"line":34,"column":3},"end":{"line":41,"column":4}},"13":{"start":{"line":35,"column":4},"end":{"line":40,"column":7}},"14":{"start":{"line":36,"column":5},"end":{"line":38,"column":6}},"15":{"start":{"line":37,"column":6},"end":{"line":37,"column":23}},"16":{"start":{"line":39,"column":5},"end":{"line":39,"column":17}},"17":{"start":{"line":44,"column":18},"end":{"line":44,"column":25}},"18":{"start":{"line":45,"column":24},"end":{"line":45,"column":62}},"19":{"start":{"line":45,"column":47},"end":{"line":45,"column":61}},"20":{"start":{"line":46,"column":3},"end":{"line":46,"column":23}},"21":{"start":{"line":51,"column":27},"end":{"line":51,"column":49}},"22":{"start":{"line":51,"column":38},"end":{"line":51,"column":49}},"23":{"start":{"line":53,"column":51},"end":{"line":53,"column":69}}},"fnMap":{"0":{"name":"(anonymous_0)","decl":{"start":{"line":13,"column":11},"end":{"line":13,"column":12}},"loc":{"start":{"line":13,"column":35},"end":{"line":21,"column":3}},"line":13},"1":{"name":"(anonymous_1)","decl":{"start":{"line":22,"column":14},"end":{"line":22,"column":15}},"loc":{"start":{"line":22,"column":38},"end":{"line":42,"column":3}},"line":22},"2":{"name":"(anonymous_2)","decl":{"start":{"line":25,"column":14},"end":{"line":25,"column":15}},"loc":{"start":{"line":25,"column":24},"end":{"line":30,"column":5}},"line":25},"3":{"name":"(anonymous_3)","decl":{"start":{"line":35,"column":14},"end":{"line":35,"column":15}},"loc":{"start":{"line":35,"column":24},"end":{"line":40,"column":5}},"line":35},"4":{"name":"(anonymous_4)","decl":{"start":{"line":43,"column":14},"end":{"line":43,"column":15}},"loc":{"start":{"line":43,"column":38},"end":{"line":47,"column":3}},"line":43},"5":{"name":"(anonymous_5)","decl":{"start":{"line":45,"column":37},"end":{"line":45,"column":38}},"loc":{"start":{"line":45,"column":47},"end":{"line":45,"column":61}},"line":45},"6":{"name":"(anonymous_6)","decl":{"start":{"line":51,"column":27},"end":{"line":51,"column":28}},"loc":{"start":{"line":51,"column":38},"end":{"line":51,"column":49}},"line":51}},"branchMap":{"0":{"loc":{"start":{"line":24,"column":3},"end":{"line":31,"column":4}},"type":"if","locations":[{"start":{"line":24,"column":3},"end":{"line":31,"column":4}},{"start":{},"end":{}}],"line":24},"1":{"loc":{"start":{"line":24,"column":7},"end":{"line":24,"column":26}},"type":"binary-expr","locations":[{"start":{"line":24,"column":7},"end":{"line":24,"column":11}},{"start":{"line":24,"column":15},"end":{"line":24,"column":26}}],"line":24},"2":{"loc":{"start":{"line":26,"column":5},"end":{"line":28,"column":6}},"type":"if","locations":[{"start":{"line":26,"column":5},"end":{"line":28,"column":6}},{"start":{},"end":{}}],"line":26},"3":{"loc":{"start":{"line":33,"column":19},"end":{"line":33,"column":69}},"type":"cond-expr","locations":[{"start":{"line":33,"column":49},"end":{"line":33,"column":54}},{"start":{"line":33,"column":57},"end":{"line":33,"column":69}}],"line":33},"4":{"loc":{"start":{"line":34,"column":3},"end":{"line":41,"column":4}},"type":"if","locations":[{"start":{"line":34,"column":3},"end":{"line":41,"column":4}},{"start":{},"end":{}}],"line":34},"5":{"loc":{"start":{"line":36,"column":5},"end":{"line":38,"column":6}},"type":"if","locations":[{"start":{"line":36,"column":5},"end":{"line":38,"column":6}},{"start":{},"end":{}}],"line":36}},"s":{"0":1,"1":1,"2":0,"3":0,"4":0,"5":0,"6":0,"7":0,"8":0,"9":0,"10":0,"11":0,"12":0,"13":0,"14":0,"15":0,"16":0,"17":0,"18":0,"19":0,"20":0,"21":1,"22":0,"23":1},"f":{"0":0,"1":0,"2":0,"3":0,"4":0,"5":0,"6":0},"b":{"0":[0,0],"1":[0,0],"2":[0,0],"3":[0,0],"4":[0,0],"5":[0,0]},"_coverageSchema":"1a1c01bbd47fc00a2c39e90264f33305004495a9","hash":"aa8c9524c52829ec759760fb7c859c25c990eb81"}
,"/Users/ariesyukron/programming-mentor/alterra/react-a-batch-5/react-unit-testing/src/store/theme/index.js": {"path":"/Users/ariesyukron/programming-mentor/alterra/react-a-batch-5/react-unit-testing/src/store/theme/index.js","statementMap":{"0":{"start":{"line":3,"column":21},"end":{"line":6,"column":1}},"1":{"start":{"line":8,"column":26},"end":{"line":8,"column":51}},"2":{"start":{"line":8,"column":36},"end":{"line":8,"column":51}},"3":{"start":{"line":10,"column":20},"end":{"line":18,"column":2}},"4":{"start":{"line":15,"column":3},"end":{"line":15,"column":58}},"5":{"start":{"line":20,"column":27},"end":{"line":20,"column":49}},"6":{"start":{"line":20,"column":38},"end":{"line":20,"column":49}},"7":{"start":{"line":22,"column":35},"end":{"line":22,"column":54}}},"fnMap":{"0":{"name":"(anonymous_0)","decl":{"start":{"line":8,"column":26},"end":{"line":8,"column":27}},"loc":{"start":{"line":8,"column":36},"end":{"line":8,"column":51}},"line":8},"1":{"name":"(anonymous_1)","decl":{"start":{"line":14,"column":19},"end":{"line":14,"column":20}},"loc":{"start":{"line":14,"column":30},"end":{"line":16,"column":3}},"line":14},"2":{"name":"(anonymous_2)","decl":{"start":{"line":20,"column":27},"end":{"line":20,"column":28}},"loc":{"start":{"line":20,"column":38},"end":{"line":20,"column":49}},"line":20}},"branchMap":{"0":{"loc":{"start":{"line":15,"column":16},"end":{"line":15,"column":57}},"type":"cond-expr","locations":[{"start":{"line":15,"column":41},"end":{"line":15,"column":48}},{"start":{"line":15,"column":51},"end":{"line":15,"column":57}}],"line":15}},"s":{"0":0,"1":0,"2":0,"3":0,"4":0,"5":0,"6":0,"7":0},"f":{"0":0,"1":0,"2":0},"b":{"0":[0,0]}}
,"/Users/ariesyukron/programming-mentor/alterra/react-a-batch-5/react-unit-testing/src/utils/auth.js": {"path":"/Users/ariesyukron/programming-mentor/alterra/react-a-batch-5/react-unit-testing/src/utils/auth.js","statementMap":{"0":{"start":{"line":3,"column":13},"end":{"line":14,"column":1}},"1":{"start":{"line":5,"column":2},"end":{"line":5,"column":30}},"2":{"start":{"line":8,"column":2},"end":{"line":8,"column":37}},"3":{"start":{"line":11,"column":2},"end":{"line":11,"column":26}},"4":{"start":{"line":12,"column":2},"end":{"line":12,"column":34}}},"fnMap":{"0":{"name":"(anonymous_0)","decl":{"start":{"line":4,"column":18},"end":{"line":4,"column":19}},"loc":{"start":{"line":4,"column":24},"end":{"line":6,"column":2}},"line":4},"1":{"name":"(anonymous_1)","decl":{"start":{"line":7,"column":22},"end":{"line":7,"column":23}},"loc":{"start":{"line":7,"column":33},"end":{"line":9,"column":2}},"line":7},"2":{"name":"(anonymous_2)","decl":{"start":{"line":10,"column":9},"end":{"line":10,"column":10}},"loc":{"start":{"line":10,"column":15},"end":{"line":13,"column":2}},"line":10}},"branchMap":{},"s":{"0":0,"1":0,"2":0,"3":0,"4":0},"f":{"0":0,"1":0,"2":0},"b":{}}
,"/Users/ariesyukron/programming-mentor/alterra/react-a-batch-5/react-unit-testing/src/utils/convertUTCtoLocalDate.js": {"path":"/Users/ariesyukron/programming-mentor/alterra/react-a-batch-5/react-unit-testing/src/utils/convertUTCtoLocalDate.js","statementMap":{"0":{"start":{"line":2,"column":1},"end":{"line":3,"column":61}},"1":{"start":{"line":3,"column":2},"end":{"line":3,"column":61}},"2":{"start":{"line":5,"column":17},"end":{"line":14,"column":2}},"3":{"start":{"line":15,"column":23},"end":{"line":17,"column":2}},"4":{"start":{"line":18,"column":1},"end":{"line":18,"column":22}}},"fnMap":{"0":{"name":"convertUTCtoLocalDate","decl":{"start":{"line":1,"column":16},"end":{"line":1,"column":37}},"loc":{"start":{"line":1,"column":47},"end":{"line":19,"column":1}},"line":1}},"branchMap":{"0":{"loc":{"start":{"line":2,"column":1},"end":{"line":3,"column":61}},"type":"if","locations":[{"start":{"line":2,"column":1},"end":{"line":3,"column":61}},{"start":{},"end":{}}],"line":2}},"s":{"0":0,"1":0,"2":0,"3":0,"4":0},"f":{"0":0},"b":{"0":[0,0]}}
}
